<?xml version="1.0" encoding="UTF-8"?>
<coverage generated="1544189518">
    <project timestamp="1544189518">
        <package name="AriStasisApp">
            <file name="/home/lukas/PhpstormProjects/asterisk_ari_lib/src/BasicStasisApp.php">
                <class name="AriStasisApp\BasicStasisApp" namespace="AriStasisApp" fullPackage="AriStasisApp"
                       package="AriStasisApp">
                    <metrics complexity="1" methods="1" coveredmethods="0" conditionals="0" coveredconditionals="0"
                             statements="13" coveredstatements="0" elements="14" coveredelements="0"/>
                </class>
                <line num="98" type="method" name="__construct" complexity="1" crap="2.00" count="0"/>
                <line num="100" type="stmt" count="0"/>
                <line num="101" type="stmt" count="0"/>
                <line num="102" type="stmt" count="0"/>
                <line num="103" type="stmt" count="0"/>
                <line num="104" type="stmt" count="0"/>
                <line num="105" type="stmt" count="0"/>
                <line num="106" type="stmt" count="0"/>
                <line num="107" type="stmt" count="0"/>
                <line num="108" type="stmt" count="0"/>
                <line num="109" type="stmt" count="0"/>
                <line num="110" type="stmt" count="0"/>
                <line num="111" type="stmt" count="0"/>
                <line num="112" type="stmt" count="0"/>
                <metrics loc="112" ncloc="60" classes="1" methods="1" coveredmethods="0" conditionals="0"
                         coveredconditionals="0" statements="13" coveredstatements="0" elements="14"
                         coveredelements="0"/>
            </file>
        </package>
        <file name="/home/lukas/PhpstormProjects/asterisk_ari_lib/src/helping_functions.php">
            <line num="25" type="stmt" count="1"/>
            <line num="26" type="stmt" count="1"/>
            <line num="27" type="stmt" count="1"/>
            <line num="29" type="stmt" count="1"/>
            <line num="39" type="stmt" count="1"/>
            <line num="54" type="stmt" count="0"/>
            <line num="55" type="stmt" count="0"/>
            <line num="62" type="stmt" count="0"/>
            <line num="72" type="stmt" count="1"/>
            <line num="73" type="stmt" count="1"/>
            <line num="83" type="stmt" count="0"/>
            <line num="84" type="stmt" count="0"/>
            <line num="95" type="stmt" count="1"/>
            <line num="96" type="stmt" count="1"/>
            <line num="97" type="stmt" count="0"/>
            <line num="98" type="stmt" count="0"/>
            <line num="99" type="stmt" count="0"/>
            <line num="100" type="stmt" count="0"/>
            <line num="114" type="stmt" count="1"/>
            <line num="116" type="stmt" count="1"/>
            <line num="117" type="stmt" count="1"/>
            <line num="119" type="stmt" count="1"/>
            <line num="121" type="stmt" count="1"/>
            <line num="123" type="stmt" count="0"/>
            <line num="124" type="stmt" count="0"/>
            <line num="125" type="stmt" count="0"/>
            <line num="140" type="stmt" count="1"/>
            <line num="142" type="stmt" count="0"/>
            <line num="143" type="stmt" count="0"/>
            <line num="144" type="stmt" count="0"/>
            <line num="157" type="stmt" count="1"/>
            <line num="159" type="stmt" count="1"/>
            <line num="162" type="stmt" count="1"/>
            <line num="163" type="stmt" count="1"/>
            <line num="164" type="stmt" count="0"/>
            <line num="165" type="stmt" count="1"/>
            <line num="166" type="stmt" count="1"/>
            <line num="167" type="stmt" count="1"/>
            <line num="168" type="stmt" count="1"/>
            <line num="169" type="stmt" count="1"/>
            <line num="170" type="stmt" count="1"/>
            <line num="171" type="stmt" count="1"/>
            <line num="173" type="stmt" count="1"/>
            <line num="174" type="stmt" count="0"/>
            <line num="175" type="stmt" count="0"/>
            <line num="176" type="stmt" count="0"/>
            <line num="177" type="stmt" count="0"/>
            <line num="179" type="stmt" count="1"/>
            <metrics loc="179" ncloc="126" classes="0" methods="0" coveredmethods="0" conditionals="0"
                     coveredconditionals="0" statements="48" coveredstatements="28" elements="48" coveredelements="28"/>
        </file>
        <package name="AriStasisApp\models">
            <file name="/home/lukas/PhpstormProjects/asterisk_ari_lib/src/models/Application.php">
                <class name="AriStasisApp\models\Application" namespace="AriStasisApp\models" fullPackage="AriStasisApp"
                       package="AriStasisApp">
                    <metrics complexity="10" methods="10" coveredmethods="0" conditionals="0" coveredconditionals="0"
                             statements="15" coveredstatements="0" elements="25" coveredelements="0"/>
                </class>
                <line num="56" type="method" name="getName" visibility="public" complexity="1" crap="2.00" count="0"/>
                <line num="58" type="stmt" count="0"/>
                <line num="64" type="method" name="setName" visibility="public" complexity="1" crap="2.00" count="0"/>
                <line num="66" type="stmt" count="0"/>
                <line num="67" type="stmt" count="0"/>
                <line num="72" type="method" name="getChannelIds" visibility="public" complexity="1" crap="2.00"
                      count="0"/>
                <line num="74" type="stmt" count="0"/>
                <line num="80" type="method" name="setChannelIds" visibility="public" complexity="1" crap="2.00"
                      count="0"/>
                <line num="82" type="stmt" count="0"/>
                <line num="83" type="stmt" count="0"/>
                <line num="88" type="method" name="getBridgeIds" visibility="public" complexity="1" crap="2.00"
                      count="0"/>
                <line num="90" type="stmt" count="0"/>
                <line num="96" type="method" name="setBridgeIds" visibility="public" complexity="1" crap="2.00"
                      count="0"/>
                <line num="98" type="stmt" count="0"/>
                <line num="99" type="stmt" count="0"/>
                <line num="104" type="method" name="getEndpointIds" visibility="public" complexity="1" crap="2.00"
                      count="0"/>
                <line num="106" type="stmt" count="0"/>
                <line num="112" type="method" name="setEndpointIds" visibility="public" complexity="1" crap="2.00"
                      count="0"/>
                <line num="114" type="stmt" count="0"/>
                <line num="115" type="stmt" count="0"/>
                <line num="120" type="method" name="getDeviceNames" visibility="public" complexity="1" crap="2.00"
                      count="0"/>
                <line num="122" type="stmt" count="0"/>
                <line num="128" type="method" name="setDeviceNames" visibility="public" complexity="1" crap="2.00"
                      count="0"/>
                <line num="130" type="stmt" count="0"/>
                <line num="131" type="stmt" count="0"/>
                <metrics loc="131" ncloc="67" classes="1" methods="10" coveredmethods="0" conditionals="0"
                         coveredconditionals="0" statements="15" coveredstatements="0" elements="25"
                         coveredelements="0"/>
            </file>
            <file name="/home/lukas/PhpstormProjects/asterisk_ari_lib/src/models/AsteriskInfo.php">
                <class name="AriStasisApp\models\AsteriskInfo" namespace="AriStasisApp\models"
                       fullPackage="AriStasisApp" package="AriStasisApp">
                    <metrics complexity="8" methods="8" coveredmethods="8" conditionals="0" coveredconditionals="0"
                             statements="12" coveredstatements="12" elements="20" coveredelements="20"/>
                </class>
                <line num="41" type="method" name="getStatus" visibility="public" complexity="1" crap="1" count="1"/>
                <line num="43" type="stmt" count="1"/>
                <line num="49" type="method" name="setStatus" visibility="public" complexity="1" crap="1" count="1"/>
                <line num="51" type="stmt" count="1"/>
                <line num="52" type="stmt" count="1"/>
                <line num="57" type="method" name="getConfig" visibility="public" complexity="1" crap="1" count="1"/>
                <line num="59" type="stmt" count="1"/>
                <line num="65" type="method" name="setConfig" visibility="public" complexity="1" crap="1" count="2"/>
                <line num="67" type="stmt" count="2"/>
                <line num="68" type="stmt" count="2"/>
                <line num="73" type="method" name="getBuild" visibility="public" complexity="1" crap="1" count="1"/>
                <line num="75" type="stmt" count="1"/>
                <line num="81" type="method" name="setBuild" visibility="public" complexity="1" crap="1" count="2"/>
                <line num="83" type="stmt" count="2"/>
                <line num="84" type="stmt" count="2"/>
                <line num="89" type="method" name="getSystem" visibility="public" complexity="1" crap="1" count="2"/>
                <line num="91" type="stmt" count="2"/>
                <line num="97" type="method" name="setSystem" visibility="public" complexity="1" crap="1" count="1"/>
                <line num="99" type="stmt" count="1"/>
                <line num="100" type="stmt" count="1"/>
                <metrics loc="100" ncloc="55" classes="1" methods="8" coveredmethods="8" conditionals="0"
                         coveredconditionals="0" statements="12" coveredstatements="12" elements="20"
                         coveredelements="20"/>
            </file>
            <file name="/home/lukas/PhpstormProjects/asterisk_ari_lib/src/models/Bridge.php">
                <class name="AriStasisApp\models\Bridge" namespace="AriStasisApp\models" fullPackage="AriStasisApp"
                       package="AriStasisApp">
                    <metrics complexity="18" methods="18" coveredmethods="0" conditionals="0" coveredconditionals="0"
                             statements="27" coveredstatements="0" elements="45" coveredelements="0"/>
                </class>
                <line num="66" type="method" name="getId" visibility="public" complexity="1" crap="2.00" count="0"/>
                <line num="68" type="stmt" count="0"/>
                <line num="74" type="method" name="setId" visibility="public" complexity="1" crap="2.00" count="0"/>
                <line num="76" type="stmt" count="0"/>
                <line num="77" type="stmt" count="0"/>
                <line num="82" type="method" name="getTechnology" visibility="public" complexity="1" crap="2.00"
                      count="0"/>
                <line num="84" type="stmt" count="0"/>
                <line num="90" type="method" name="setTechnology" visibility="public" complexity="1" crap="2.00"
                      count="0"/>
                <line num="92" type="stmt" count="0"/>
                <line num="93" type="stmt" count="0"/>
                <line num="98" type="method" name="getBridgeType" visibility="public" complexity="1" crap="2.00"
                      count="0"/>
                <line num="100" type="stmt" count="0"/>
                <line num="106" type="method" name="setBridgeType" visibility="public" complexity="1" crap="2.00"
                      count="0"/>
                <line num="108" type="stmt" count="0"/>
                <line num="109" type="stmt" count="0"/>
                <line num="114" type="method" name="getBridgeClass" visibility="public" complexity="1" crap="2.00"
                      count="0"/>
                <line num="116" type="stmt" count="0"/>
                <line num="122" type="method" name="setBridgeClass" visibility="public" complexity="1" crap="2.00"
                      count="0"/>
                <line num="124" type="stmt" count="0"/>
                <line num="125" type="stmt" count="0"/>
                <line num="130" type="method" name="getCreator" visibility="public" complexity="1" crap="2.00"
                      count="0"/>
                <line num="132" type="stmt" count="0"/>
                <line num="138" type="method" name="setCreator" visibility="public" complexity="1" crap="2.00"
                      count="0"/>
                <line num="140" type="stmt" count="0"/>
                <line num="141" type="stmt" count="0"/>
                <line num="146" type="method" name="getName" visibility="public" complexity="1" crap="2.00" count="0"/>
                <line num="148" type="stmt" count="0"/>
                <line num="154" type="method" name="setName" visibility="public" complexity="1" crap="2.00" count="0"/>
                <line num="156" type="stmt" count="0"/>
                <line num="157" type="stmt" count="0"/>
                <line num="162" type="method" name="getChannels" visibility="public" complexity="1" crap="2.00"
                      count="0"/>
                <line num="164" type="stmt" count="0"/>
                <line num="170" type="method" name="setChannels" visibility="public" complexity="1" crap="2.00"
                      count="0"/>
                <line num="172" type="stmt" count="0"/>
                <line num="173" type="stmt" count="0"/>
                <line num="178" type="method" name="getVideoMode" visibility="public" complexity="1" crap="2.00"
                      count="0"/>
                <line num="180" type="stmt" count="0"/>
                <line num="186" type="method" name="setVideoMode" visibility="public" complexity="1" crap="2.00"
                      count="0"/>
                <line num="188" type="stmt" count="0"/>
                <line num="189" type="stmt" count="0"/>
                <line num="194" type="method" name="getVideoSourceId" visibility="public" complexity="1" crap="2.00"
                      count="0"/>
                <line num="196" type="stmt" count="0"/>
                <line num="202" type="method" name="setVideoSourceId" visibility="public" complexity="1" crap="2.00"
                      count="0"/>
                <line num="204" type="stmt" count="0"/>
                <line num="205" type="stmt" count="0"/>
                <metrics loc="205" ncloc="115" classes="1" methods="18" coveredmethods="0" conditionals="0"
                         coveredconditionals="0" statements="27" coveredstatements="0" elements="45"
                         coveredelements="0"/>
            </file>
            <file name="/home/lukas/PhpstormProjects/asterisk_ari_lib/src/models/BuildInfo.php">
                <class name="AriStasisApp\models\BuildInfo" namespace="AriStasisApp\models" fullPackage="AriStasisApp"
                       package="AriStasisApp">
                    <metrics complexity="12" methods="12" coveredmethods="6" conditionals="0" coveredconditionals="0"
                             statements="18" coveredstatements="12" elements="30" coveredelements="18"/>
                </class>
                <line num="51" type="method" name="getKernel" visibility="public" complexity="1" crap="2.00" count="0"/>
                <line num="53" type="stmt" count="0"/>
                <line num="59" type="method" name="setKernel" visibility="public" complexity="1" crap="1" count="2"/>
                <line num="61" type="stmt" count="2"/>
                <line num="62" type="stmt" count="2"/>
                <line num="67" type="method" name="getMachine" visibility="public" complexity="1" crap="2.00"
                      count="0"/>
                <line num="69" type="stmt" count="0"/>
                <line num="75" type="method" name="setMachine" visibility="public" complexity="1" crap="1" count="2"/>
                <line num="77" type="stmt" count="2"/>
                <line num="78" type="stmt" count="2"/>
                <line num="83" type="method" name="getUser" visibility="public" complexity="1" crap="2.00" count="0"/>
                <line num="85" type="stmt" count="0"/>
                <line num="91" type="method" name="setUser" visibility="public" complexity="1" crap="1" count="2"/>
                <line num="93" type="stmt" count="2"/>
                <line num="94" type="stmt" count="2"/>
                <line num="99" type="method" name="getDate" visibility="public" complexity="1" crap="2.00" count="0"/>
                <line num="101" type="stmt" count="0"/>
                <line num="107" type="method" name="setDate" visibility="public" complexity="1" crap="1" count="2"/>
                <line num="109" type="stmt" count="2"/>
                <line num="110" type="stmt" count="2"/>
                <line num="115" type="method" name="getOs" visibility="public" complexity="1" crap="2.00" count="0"/>
                <line num="117" type="stmt" count="0"/>
                <line num="123" type="method" name="setOs" visibility="public" complexity="1" crap="1" count="2"/>
                <line num="125" type="stmt" count="2"/>
                <line num="126" type="stmt" count="2"/>
                <line num="131" type="method" name="getOptions" visibility="public" complexity="1" crap="2.00"
                      count="0"/>
                <line num="133" type="stmt" count="0"/>
                <line num="139" type="method" name="setOptions" visibility="public" complexity="1" crap="1" count="2"/>
                <line num="141" type="stmt" count="2"/>
                <line num="142" type="stmt" count="2"/>
                <metrics loc="142" ncloc="79" classes="1" methods="12" coveredmethods="6" conditionals="0"
                         coveredconditionals="0" statements="18" coveredstatements="12" elements="30"
                         coveredelements="18"/>
            </file>
            <file name="/home/lukas/PhpstormProjects/asterisk_ari_lib/src/models/CallerID.php">
                <class name="AriStasisApp\models\CallerID" namespace="AriStasisApp\models" fullPackage="AriStasisApp"
                       package="AriStasisApp">
                    <metrics complexity="4" methods="4" coveredmethods="0" conditionals="0" coveredconditionals="0"
                             statements="6" coveredstatements="0" elements="10" coveredelements="0"/>
                </class>
                <line num="31" type="method" name="getName" visibility="public" complexity="1" crap="2.00" count="0"/>
                <line num="33" type="stmt" count="0"/>
                <line num="39" type="method" name="setName" visibility="public" complexity="1" crap="2.00" count="0"/>
                <line num="41" type="stmt" count="0"/>
                <line num="42" type="stmt" count="0"/>
                <line num="47" type="method" name="getNumber" visibility="public" complexity="1" crap="2.00" count="0"/>
                <line num="49" type="stmt" count="0"/>
                <line num="55" type="method" name="setNumber" visibility="public" complexity="1" crap="2.00" count="0"/>
                <line num="57" type="stmt" count="0"/>
                <line num="58" type="stmt" count="0"/>
                <metrics loc="58" ncloc="31" classes="1" methods="4" coveredmethods="0" conditionals="0"
                         coveredconditionals="0" statements="6" coveredstatements="0" elements="10"
                         coveredelements="0"/>
            </file>
            <file name="/home/lukas/PhpstormProjects/asterisk_ari_lib/src/models/Channel.php">
                <class name="AriStasisApp\models\Channel" namespace="AriStasisApp\models" fullPackage="AriStasisApp"
                       package="AriStasisApp">
                    <metrics complexity="20" methods="20" coveredmethods="0" conditionals="0" coveredconditionals="0"
                             statements="30" coveredstatements="0" elements="50" coveredelements="0"/>
                </class>
                <line num="86" type="method" name="getAccountcode" visibility="public" complexity="1" crap="2.00"
                      count="0"/>
                <line num="88" type="stmt" count="0"/>
                <line num="94" type="method" name="setAccountcode" visibility="public" complexity="1" crap="2.00"
                      count="0"/>
                <line num="96" type="stmt" count="0"/>
                <line num="97" type="stmt" count="0"/>
                <line num="102" type="method" name="getName" visibility="public" complexity="1" crap="2.00" count="0"/>
                <line num="104" type="stmt" count="0"/>
                <line num="110" type="method" name="setName" visibility="public" complexity="1" crap="2.00" count="0"/>
                <line num="112" type="stmt" count="0"/>
                <line num="113" type="stmt" count="0"/>
                <line num="118" type="method" name="getLanguage" visibility="public" complexity="1" crap="2.00"
                      count="0"/>
                <line num="120" type="stmt" count="0"/>
                <line num="126" type="method" name="setLanguage" visibility="public" complexity="1" crap="2.00"
                      count="0"/>
                <line num="128" type="stmt" count="0"/>
                <line num="129" type="stmt" count="0"/>
                <line num="134" type="method" name="getChannelvars" visibility="public" complexity="1" crap="2.00"
                      count="0"/>
                <line num="136" type="stmt" count="0"/>
                <line num="142" type="method" name="setChannelvars" visibility="public" complexity="1" crap="2.00"
                      count="0"/>
                <line num="144" type="stmt" count="0"/>
                <line num="145" type="stmt" count="0"/>
                <line num="150" type="method" name="getCaller" visibility="public" complexity="1" crap="2.00"
                      count="0"/>
                <line num="152" type="stmt" count="0"/>
                <line num="158" type="method" name="setCaller" visibility="public" complexity="1" crap="2.00"
                      count="0"/>
                <line num="160" type="stmt" count="0"/>
                <line num="161" type="stmt" count="0"/>
                <line num="166" type="method" name="getCreationtime" visibility="public" complexity="1" crap="2.00"
                      count="0"/>
                <line num="168" type="stmt" count="0"/>
                <line num="174" type="method" name="setCreationtime" visibility="public" complexity="1" crap="2.00"
                      count="0"/>
                <line num="176" type="stmt" count="0"/>
                <line num="177" type="stmt" count="0"/>
                <line num="182" type="method" name="getState" visibility="public" complexity="1" crap="2.00" count="0"/>
                <line num="184" type="stmt" count="0"/>
                <line num="190" type="method" name="setState" visibility="public" complexity="1" crap="2.00" count="0"/>
                <line num="192" type="stmt" count="0"/>
                <line num="193" type="stmt" count="0"/>
                <line num="198" type="method" name="getConnected" visibility="public" complexity="1" crap="2.00"
                      count="0"/>
                <line num="200" type="stmt" count="0"/>
                <line num="206" type="method" name="setConnected" visibility="public" complexity="1" crap="2.00"
                      count="0"/>
                <line num="208" type="stmt" count="0"/>
                <line num="209" type="stmt" count="0"/>
                <line num="214" type="method" name="getDialplan" visibility="public" complexity="1" crap="2.00"
                      count="0"/>
                <line num="216" type="stmt" count="0"/>
                <line num="222" type="method" name="setDialplan" visibility="public" complexity="1" crap="2.00"
                      count="0"/>
                <line num="224" type="stmt" count="0"/>
                <line num="225" type="stmt" count="0"/>
                <line num="230" type="method" name="getId" visibility="public" complexity="1" crap="2.00" count="0"/>
                <line num="232" type="stmt" count="0"/>
                <line num="238" type="method" name="setId" visibility="public" complexity="1" crap="2.00" count="0"/>
                <line num="240" type="stmt" count="0"/>
                <line num="241" type="stmt" count="0"/>
                <metrics loc="241" ncloc="127" classes="1" methods="20" coveredmethods="0" conditionals="0"
                         coveredconditionals="0" statements="30" coveredstatements="0" elements="50"
                         coveredelements="0"/>
            </file>
            <file name="/home/lukas/PhpstormProjects/asterisk_ari_lib/src/models/ConfigInfo.php">
                <class name="AriStasisApp\models\ConfigInfo" namespace="AriStasisApp\models" fullPackage="AriStasisApp"
                       package="AriStasisApp">
                    <metrics complexity="12" methods="12" coveredmethods="3" conditionals="0" coveredconditionals="0"
                             statements="18" coveredstatements="6" elements="30" coveredelements="9"/>
                </class>
                <line num="51" type="method" name="getName" visibility="public" complexity="1" crap="2.00" count="0"/>
                <line num="53" type="stmt" count="0"/>
                <line num="59" type="method" name="setName" visibility="public" complexity="1" crap="1" count="2"/>
                <line num="61" type="stmt" count="2"/>
                <line num="62" type="stmt" count="2"/>
                <line num="67" type="method" name="getDefaultLanguage" visibility="public" complexity="1" crap="2.00"
                      count="0"/>
                <line num="69" type="stmt" count="0"/>
                <line num="75" type="method" name="setDefaultLanguage" visibility="public" complexity="1" crap="1"
                      count="2"/>
                <line num="77" type="stmt" count="2"/>
                <line num="78" type="stmt" count="2"/>
                <line num="83" type="method" name="getMaxLoad" visibility="public" complexity="1" crap="2.00"
                      count="0"/>
                <line num="85" type="stmt" count="0"/>
                <line num="91" type="method" name="setMaxLoad" visibility="public" complexity="1" crap="2.00"
                      count="0"/>
                <line num="93" type="stmt" count="0"/>
                <line num="94" type="stmt" count="0"/>
                <line num="99" type="method" name="getSetid" visibility="public" complexity="1" crap="2.00" count="0"/>
                <line num="101" type="stmt" count="0"/>
                <line num="107" type="method" name="setSetid" visibility="public" complexity="1" crap="1" count="2"/>
                <line num="109" type="stmt" count="2"/>
                <line num="110" type="stmt" count="2"/>
                <line num="115" type="method" name="getMaxOpenFiles" visibility="public" complexity="1" crap="2.00"
                      count="0"/>
                <line num="117" type="stmt" count="0"/>
                <line num="123" type="method" name="setMaxOpenFiles" visibility="public" complexity="1" crap="2.00"
                      count="0"/>
                <line num="125" type="stmt" count="0"/>
                <line num="126" type="stmt" count="0"/>
                <line num="131" type="method" name="getMaxChannels" visibility="public" complexity="1" crap="2.00"
                      count="0"/>
                <line num="133" type="stmt" count="0"/>
                <line num="139" type="method" name="setMaxChannels" visibility="public" complexity="1" crap="2.00"
                      count="0"/>
                <line num="141" type="stmt" count="0"/>
                <line num="142" type="stmt" count="0"/>
                <metrics loc="142" ncloc="79" classes="1" methods="12" coveredmethods="3" conditionals="0"
                         coveredconditionals="0" statements="18" coveredstatements="6" elements="30"
                         coveredelements="9"/>
            </file>
            <file name="/home/lukas/PhpstormProjects/asterisk_ari_lib/src/models/ConfigTuple.php">
                <class name="AriStasisApp\models\ConfigTuple" namespace="AriStasisApp\models" fullPackage="AriStasisApp"
                       package="AriStasisApp">
                    <metrics complexity="4" methods="4" coveredmethods="0" conditionals="0" coveredconditionals="0"
                             statements="6" coveredstatements="0" elements="10" coveredelements="0"/>
                </class>
                <line num="31" type="method" name="getAttribute" visibility="public" complexity="1" crap="2.00"
                      count="0"/>
                <line num="33" type="stmt" count="0"/>
                <line num="39" type="method" name="setAttribute" visibility="public" complexity="1" crap="2.00"
                      count="0"/>
                <line num="41" type="stmt" count="0"/>
                <line num="42" type="stmt" count="0"/>
                <line num="47" type="method" name="getValue" visibility="public" complexity="1" crap="2.00" count="0"/>
                <line num="49" type="stmt" count="0"/>
                <line num="55" type="method" name="setValue" visibility="public" complexity="1" crap="2.00" count="0"/>
                <line num="57" type="stmt" count="0"/>
                <line num="58" type="stmt" count="0"/>
                <metrics loc="58" ncloc="31" classes="1" methods="4" coveredmethods="0" conditionals="0"
                         coveredconditionals="0" statements="6" coveredstatements="0" elements="10"
                         coveredelements="0"/>
            </file>
            <file name="/home/lukas/PhpstormProjects/asterisk_ari_lib/src/models/ContactInfo.php">
                <class name="AriStasisApp\models\ContactInfo" namespace="AriStasisApp\models" fullPackage="AriStasisApp"
                       package="AriStasisApp">
                    <metrics complexity="1" methods="1" coveredmethods="0" conditionals="0" coveredconditionals="0"
                             statements="5" coveredstatements="0" elements="6" coveredelements="0"/>
                </class>
                <line num="48" type="method" name="__construct" complexity="1" crap="2.00" count="0"/>
                <line num="50" type="stmt" count="0"/>
                <line num="51" type="stmt" count="0"/>
                <line num="52" type="stmt" count="0"/>
                <line num="53" type="stmt" count="0"/>
                <line num="54" type="stmt" count="0"/>
                <metrics loc="54" ncloc="24" classes="1" methods="1" coveredmethods="0" conditionals="0"
                         coveredconditionals="0" statements="5" coveredstatements="0" elements="6" coveredelements="0"/>
            </file>
            <file name="/home/lukas/PhpstormProjects/asterisk_ari_lib/src/models/DeviceState.php">
                <class name="AriStasisApp\models\DeviceState" namespace="AriStasisApp\models" fullPackage="AriStasisApp"
                       package="AriStasisApp">
                    <metrics complexity="4" methods="4" coveredmethods="0" conditionals="0" coveredconditionals="0"
                             statements="6" coveredstatements="0" elements="10" coveredelements="0"/>
                </class>
                <line num="32" type="method" name="getName" visibility="public" complexity="1" crap="2.00" count="0"/>
                <line num="34" type="stmt" count="0"/>
                <line num="40" type="method" name="setName" visibility="public" complexity="1" crap="2.00" count="0"/>
                <line num="42" type="stmt" count="0"/>
                <line num="43" type="stmt" count="0"/>
                <line num="48" type="method" name="getState" visibility="public" complexity="1" crap="2.00" count="0"/>
                <line num="50" type="stmt" count="0"/>
                <line num="56" type="method" name="setState" visibility="public" complexity="1" crap="2.00" count="0"/>
                <line num="58" type="stmt" count="0"/>
                <line num="59" type="stmt" count="0"/>
                <metrics loc="60" ncloc="32" classes="1" methods="4" coveredmethods="0" conditionals="0"
                         coveredconditionals="0" statements="6" coveredstatements="0" elements="10"
                         coveredelements="0"/>
            </file>
            <file name="/home/lukas/PhpstormProjects/asterisk_ari_lib/src/models/Dialed.php">
                <class name="AriStasisApp\models\Dialed" namespace="AriStasisApp\models" fullPackage="AriStasisApp"
                       package="AriStasisApp">
                    <metrics complexity="0" methods="0" coveredmethods="0" conditionals="0" coveredconditionals="0"
                             statements="0" coveredstatements="0" elements="0" coveredelements="0"/>
                </class>
                <metrics loc="17" ncloc="8" classes="0" methods="0" coveredmethods="0" conditionals="0"
                         coveredconditionals="0" statements="0" coveredstatements="0" elements="0" coveredelements="0"/>
            </file>
            <file name="/home/lukas/PhpstormProjects/asterisk_ari_lib/src/models/DialplanCEP.php">
                <class name="AriStasisApp\models\DialplanCEP" namespace="AriStasisApp\models" fullPackage="AriStasisApp"
                       package="AriStasisApp">
                    <metrics complexity="1" methods="1" coveredmethods="0" conditionals="0" coveredconditionals="0"
                             statements="4" coveredstatements="0" elements="5" coveredelements="0"/>
                </class>
                <line num="41" type="method" name="__construct" complexity="1" crap="2.00" count="0"/>
                <line num="43" type="stmt" count="0"/>
                <line num="44" type="stmt" count="0"/>
                <line num="45" type="stmt" count="0"/>
                <line num="46" type="stmt" count="0"/>
                <metrics loc="46" ncloc="21" classes="1" methods="1" coveredmethods="0" conditionals="0"
                         coveredconditionals="0" statements="4" coveredstatements="0" elements="5" coveredelements="0"/>
            </file>
            <file name="/home/lukas/PhpstormProjects/asterisk_ari_lib/src/models/Endpoint.php">
                <class name="AriStasisApp\models\Endpoint" namespace="AriStasisApp\models" fullPackage="AriStasisApp"
                       package="AriStasisApp">
                    <metrics complexity="8" methods="8" coveredmethods="0" conditionals="0" coveredconditionals="0"
                             statements="12" coveredstatements="0" elements="20" coveredelements="0"/>
                </class>
                <line num="43" type="method" name="getResource" visibility="public" complexity="1" crap="2.00"
                      count="0"/>
                <line num="45" type="stmt" count="0"/>
                <line num="51" type="method" name="setResource" visibility="public" complexity="1" crap="2.00"
                      count="0"/>
                <line num="53" type="stmt" count="0"/>
                <line num="54" type="stmt" count="0"/>
                <line num="59" type="method" name="getState" visibility="public" complexity="1" crap="2.00" count="0"/>
                <line num="61" type="stmt" count="0"/>
                <line num="67" type="method" name="setState" visibility="public" complexity="1" crap="2.00" count="0"/>
                <line num="69" type="stmt" count="0"/>
                <line num="70" type="stmt" count="0"/>
                <line num="75" type="method" name="getTechnology" visibility="public" complexity="1" crap="2.00"
                      count="0"/>
                <line num="77" type="stmt" count="0"/>
                <line num="83" type="method" name="setTechnology" visibility="public" complexity="1" crap="2.00"
                      count="0"/>
                <line num="85" type="stmt" count="0"/>
                <line num="86" type="stmt" count="0"/>
                <line num="91" type="method" name="getChannelIds" visibility="public" complexity="1" crap="2.00"
                      count="0"/>
                <line num="93" type="stmt" count="0"/>
                <line num="99" type="method" name="setChannelIds" visibility="public" complexity="1" crap="2.00"
                      count="0"/>
                <line num="101" type="stmt" count="0"/>
                <line num="102" type="stmt" count="0"/>
                <metrics loc="102" ncloc="55" classes="1" methods="8" coveredmethods="0" conditionals="0"
                         coveredconditionals="0" statements="12" coveredstatements="0" elements="20"
                         coveredelements="0"/>
            </file>
            <file name="/home/lukas/PhpstormProjects/asterisk_ari_lib/src/models/FormatLangPair.php">
                <class name="AriStasisApp\models\FormatLangPair" namespace="AriStasisApp\models"
                       fullPackage="AriStasisApp" package="AriStasisApp">
                    <metrics complexity="4" methods="4" coveredmethods="2" conditionals="0" coveredconditionals="0"
                             statements="6" coveredstatements="4" elements="10" coveredelements="6"/>
                </class>
                <line num="33" type="method" name="getLanguage" visibility="public" complexity="1" crap="2.00"
                      count="0"/>
                <line num="35" type="stmt" count="0"/>
                <line num="41" type="method" name="setLanguage" visibility="public" complexity="1" crap="1" count="2"/>
                <line num="43" type="stmt" count="2"/>
                <line num="44" type="stmt" count="2"/>
                <line num="49" type="method" name="getFormat" visibility="public" complexity="1" crap="2.00" count="0"/>
                <line num="51" type="stmt" count="0"/>
                <line num="57" type="method" name="setFormat" visibility="public" complexity="1" crap="1" count="2"/>
                <line num="59" type="stmt" count="2"/>
                <line num="60" type="stmt" count="2"/>
                <metrics loc="60" ncloc="31" classes="1" methods="4" coveredmethods="2" conditionals="0"
                         coveredconditionals="0" statements="6" coveredstatements="4" elements="10"
                         coveredelements="6"/>
            </file>
            <file name="/home/lukas/PhpstormProjects/asterisk_ari_lib/src/models/LiveRecording.php">
                <class name="AriStasisApp\models\LiveRecording" namespace="AriStasisApp\models"
                       fullPackage="AriStasisApp" package="AriStasisApp">
                    <metrics complexity="16" methods="16" coveredmethods="0" conditionals="0" coveredconditionals="0"
                             statements="24" coveredstatements="0" elements="40" coveredelements="0"/>
                </class>
                <line num="63" type="method" name="getName" visibility="public" complexity="1" crap="2.00" count="0"/>
                <line num="65" type="stmt" count="0"/>
                <line num="71" type="method" name="setName" visibility="public" complexity="1" crap="2.00" count="0"/>
                <line num="73" type="stmt" count="0"/>
                <line num="74" type="stmt" count="0"/>
                <line num="79" type="method" name="getFormat" visibility="public" complexity="1" crap="2.00" count="0"/>
                <line num="81" type="stmt" count="0"/>
                <line num="87" type="method" name="setFormat" visibility="public" complexity="1" crap="2.00" count="0"/>
                <line num="89" type="stmt" count="0"/>
                <line num="90" type="stmt" count="0"/>
                <line num="95" type="method" name="getTargetUri" visibility="public" complexity="1" crap="2.00"
                      count="0"/>
                <line num="97" type="stmt" count="0"/>
                <line num="103" type="method" name="setTargetUri" visibility="public" complexity="1" crap="2.00"
                      count="0"/>
                <line num="105" type="stmt" count="0"/>
                <line num="106" type="stmt" count="0"/>
                <line num="111" type="method" name="getState" visibility="public" complexity="1" crap="2.00" count="0"/>
                <line num="113" type="stmt" count="0"/>
                <line num="119" type="method" name="setState" visibility="public" complexity="1" crap="2.00" count="0"/>
                <line num="121" type="stmt" count="0"/>
                <line num="122" type="stmt" count="0"/>
                <line num="127" type="method" name="getDuration" visibility="public" complexity="1" crap="2.00"
                      count="0"/>
                <line num="129" type="stmt" count="0"/>
                <line num="135" type="method" name="setDuration" visibility="public" complexity="1" crap="2.00"
                      count="0"/>
                <line num="137" type="stmt" count="0"/>
                <line num="138" type="stmt" count="0"/>
                <line num="143" type="method" name="getTalkingDuration" visibility="public" complexity="1" crap="2.00"
                      count="0"/>
                <line num="145" type="stmt" count="0"/>
                <line num="151" type="method" name="setTalkingDuration" visibility="public" complexity="1" crap="2.00"
                      count="0"/>
                <line num="153" type="stmt" count="0"/>
                <line num="154" type="stmt" count="0"/>
                <line num="159" type="method" name="getSilenceDuration" visibility="public" complexity="1" crap="2.00"
                      count="0"/>
                <line num="161" type="stmt" count="0"/>
                <line num="167" type="method" name="setSilenceDuration" visibility="public" complexity="1" crap="2.00"
                      count="0"/>
                <line num="169" type="stmt" count="0"/>
                <line num="170" type="stmt" count="0"/>
                <line num="175" type="method" name="getCause" visibility="public" complexity="1" crap="2.00" count="0"/>
                <line num="177" type="stmt" count="0"/>
                <line num="183" type="method" name="setCause" visibility="public" complexity="1" crap="2.00" count="0"/>
                <line num="185" type="stmt" count="0"/>
                <line num="186" type="stmt" count="0"/>
                <metrics loc="186" ncloc="103" classes="1" methods="16" coveredmethods="0" conditionals="0"
                         coveredconditionals="0" statements="24" coveredstatements="0" elements="40"
                         coveredelements="0"/>
            </file>
            <file name="/home/lukas/PhpstormProjects/asterisk_ari_lib/src/models/LogChannel.php">
                <class name="AriStasisApp\models\LogChannel" namespace="AriStasisApp\models" fullPackage="AriStasisApp"
                       package="AriStasisApp">
                    <metrics complexity="1" methods="1" coveredmethods="0" conditionals="0" coveredconditionals="0"
                             statements="5" coveredstatements="0" elements="6" coveredelements="0"/>
                </class>
                <line num="47" type="method" name="__construct" complexity="1" crap="2.00" count="0"/>
                <line num="49" type="stmt" count="0"/>
                <line num="50" type="stmt" count="0"/>
                <line num="51" type="stmt" count="0"/>
                <line num="52" type="stmt" count="0"/>
                <line num="53" type="stmt" count="0"/>
                <metrics loc="53" ncloc="24" classes="1" methods="1" coveredmethods="0" conditionals="0"
                         coveredconditionals="0" statements="5" coveredstatements="0" elements="6" coveredelements="0"/>
            </file>
            <file name="/home/lukas/PhpstormProjects/asterisk_ari_lib/src/models/Mailbox.php">
                <class name="AriStasisApp\models\Mailbox" namespace="AriStasisApp\models" fullPackage="AriStasisApp"
                       package="AriStasisApp">
                    <metrics complexity="6" methods="6" coveredmethods="0" conditionals="0" coveredconditionals="0"
                             statements="9" coveredstatements="0" elements="15" coveredelements="0"/>
                </class>
                <line num="36" type="method" name="getOldMessages" visibility="public" complexity="1" crap="2.00"
                      count="0"/>
                <line num="38" type="stmt" count="0"/>
                <line num="44" type="method" name="setOldMessages" visibility="public" complexity="1" crap="2.00"
                      count="0"/>
                <line num="46" type="stmt" count="0"/>
                <line num="47" type="stmt" count="0"/>
                <line num="52" type="method" name="getName" visibility="public" complexity="1" crap="2.00" count="0"/>
                <line num="54" type="stmt" count="0"/>
                <line num="60" type="method" name="setName" visibility="public" complexity="1" crap="2.00" count="0"/>
                <line num="62" type="stmt" count="0"/>
                <line num="63" type="stmt" count="0"/>
                <line num="68" type="method" name="getNewMessages" visibility="public" complexity="1" crap="2.00"
                      count="0"/>
                <line num="70" type="stmt" count="0"/>
                <line num="76" type="method" name="setNewMessages" visibility="public" complexity="1" crap="2.00"
                      count="0"/>
                <line num="78" type="stmt" count="0"/>
                <line num="79" type="stmt" count="0"/>
                <metrics loc="79" ncloc="43" classes="1" methods="6" coveredmethods="0" conditionals="0"
                         coveredconditionals="0" statements="9" coveredstatements="0" elements="15"
                         coveredelements="0"/>
            </file>
            <file name="/home/lukas/PhpstormProjects/asterisk_ari_lib/src/models/Module.php">
                <class name="AriStasisApp\models\Module" namespace="AriStasisApp\models" fullPackage="AriStasisApp"
                       package="AriStasisApp">
                    <metrics complexity="9" methods="9" coveredmethods="0" conditionals="0" coveredconditionals="0"
                             statements="13" coveredstatements="0" elements="22" coveredelements="0"/>
                </class>
                <line num="46" type="method" name="getUseCount" visibility="public" complexity="1" crap="2.00"
                      count="0"/>
                <line num="48" type="stmt" count="0"/>
                <line num="54" type="method" name="getStatus" visibility="public" complexity="1" crap="2.00" count="0"/>
                <line num="56" type="stmt" count="0"/>
                <line num="62" type="method" name="setStatus" visibility="public" complexity="1" crap="2.00" count="0"/>
                <line num="64" type="stmt" count="0"/>
                <line num="65" type="stmt" count="0"/>
                <line num="70" type="method" name="getSupportLevel" visibility="public" complexity="1" crap="2.00"
                      count="0"/>
                <line num="72" type="stmt" count="0"/>
                <line num="78" type="method" name="setSupportLevel" visibility="public" complexity="1" crap="2.00"
                      count="0"/>
                <line num="80" type="stmt" count="0"/>
                <line num="81" type="stmt" count="0"/>
                <line num="86" type="method" name="getName" visibility="public" complexity="1" crap="2.00" count="0"/>
                <line num="88" type="stmt" count="0"/>
                <line num="94" type="method" name="setName" visibility="public" complexity="1" crap="2.00" count="0"/>
                <line num="96" type="stmt" count="0"/>
                <line num="97" type="stmt" count="0"/>
                <line num="102" type="method" name="getDescription" visibility="public" complexity="1" crap="2.00"
                      count="0"/>
                <line num="104" type="stmt" count="0"/>
                <line num="110" type="method" name="setDescription" visibility="public" complexity="1" crap="2.00"
                      count="0"/>
                <line num="112" type="stmt" count="0"/>
                <line num="113" type="stmt" count="0"/>
                <metrics loc="113" ncloc="62" classes="1" methods="9" coveredmethods="0" conditionals="0"
                         coveredconditionals="0" statements="13" coveredstatements="0" elements="22"
                         coveredelements="0"/>
            </file>
            <file name="/home/lukas/PhpstormProjects/asterisk_ari_lib/src/models/Peer.php">
                <class name="AriStasisApp\models\Peer" namespace="AriStasisApp\models" fullPackage="AriStasisApp"
                       package="AriStasisApp">
                    <metrics complexity="10" methods="10" coveredmethods="0" conditionals="0" coveredconditionals="0"
                             statements="15" coveredstatements="0" elements="25" coveredelements="0"/>
                </class>
                <line num="47" type="method" name="getPeerStatus" visibility="public" complexity="1" crap="2.00"
                      count="0"/>
                <line num="49" type="stmt" count="0"/>
                <line num="55" type="method" name="setPeerStatus" visibility="public" complexity="1" crap="2.00"
                      count="0"/>
                <line num="57" type="stmt" count="0"/>
                <line num="58" type="stmt" count="0"/>
                <line num="63" type="method" name="getTime" visibility="public" complexity="1" crap="2.00" count="0"/>
                <line num="65" type="stmt" count="0"/>
                <line num="71" type="method" name="setTime" visibility="public" complexity="1" crap="2.00" count="0"/>
                <line num="73" type="stmt" count="0"/>
                <line num="74" type="stmt" count="0"/>
                <line num="79" type="method" name="getCause" visibility="public" complexity="1" crap="2.00" count="0"/>
                <line num="81" type="stmt" count="0"/>
                <line num="87" type="method" name="setCause" visibility="public" complexity="1" crap="2.00" count="0"/>
                <line num="89" type="stmt" count="0"/>
                <line num="90" type="stmt" count="0"/>
                <line num="95" type="method" name="getPort" visibility="public" complexity="1" crap="2.00" count="0"/>
                <line num="97" type="stmt" count="0"/>
                <line num="103" type="method" name="setPort" visibility="public" complexity="1" crap="2.00" count="0"/>
                <line num="105" type="stmt" count="0"/>
                <line num="106" type="stmt" count="0"/>
                <line num="111" type="method" name="getAddress" visibility="public" complexity="1" crap="2.00"
                      count="0"/>
                <line num="113" type="stmt" count="0"/>
                <line num="119" type="method" name="setAddress" visibility="public" complexity="1" crap="2.00"
                      count="0"/>
                <line num="121" type="stmt" count="0"/>
                <line num="122" type="stmt" count="0"/>
                <metrics loc="122" ncloc="67" classes="1" methods="10" coveredmethods="0" conditionals="0"
                         coveredconditionals="0" statements="15" coveredstatements="0" elements="25"
                         coveredelements="0"/>
            </file>
            <file name="/home/lukas/PhpstormProjects/asterisk_ari_lib/src/models/Playback.php">
                <class name="AriStasisApp\models\Playback" namespace="AriStasisApp\models" fullPackage="AriStasisApp"
                       package="AriStasisApp">
                    <metrics complexity="12" methods="12" coveredmethods="0" conditionals="0" coveredconditionals="0"
                             statements="18" coveredstatements="0" elements="30" coveredelements="0"/>
                </class>
                <line num="51" type="method" name="getId" visibility="public" complexity="1" crap="2.00" count="0"/>
                <line num="53" type="stmt" count="0"/>
                <line num="59" type="method" name="setId" visibility="public" complexity="1" crap="2.00" count="0"/>
                <line num="61" type="stmt" count="0"/>
                <line num="62" type="stmt" count="0"/>
                <line num="67" type="method" name="getMediaUri" visibility="public" complexity="1" crap="2.00"
                      count="0"/>
                <line num="69" type="stmt" count="0"/>
                <line num="75" type="method" name="setMediaUri" visibility="public" complexity="1" crap="2.00"
                      count="0"/>
                <line num="77" type="stmt" count="0"/>
                <line num="78" type="stmt" count="0"/>
                <line num="83" type="method" name="getNextMediaUri" visibility="public" complexity="1" crap="2.00"
                      count="0"/>
                <line num="85" type="stmt" count="0"/>
                <line num="91" type="method" name="setNextMediaUri" visibility="public" complexity="1" crap="2.00"
                      count="0"/>
                <line num="93" type="stmt" count="0"/>
                <line num="94" type="stmt" count="0"/>
                <line num="99" type="method" name="getTargetUri" visibility="public" complexity="1" crap="2.00"
                      count="0"/>
                <line num="101" type="stmt" count="0"/>
                <line num="107" type="method" name="setTargetUri" visibility="public" complexity="1" crap="2.00"
                      count="0"/>
                <line num="109" type="stmt" count="0"/>
                <line num="110" type="stmt" count="0"/>
                <line num="115" type="method" name="getLanguage" visibility="public" complexity="1" crap="2.00"
                      count="0"/>
                <line num="117" type="stmt" count="0"/>
                <line num="123" type="method" name="setLanguage" visibility="public" complexity="1" crap="2.00"
                      count="0"/>
                <line num="125" type="stmt" count="0"/>
                <line num="126" type="stmt" count="0"/>
                <line num="131" type="method" name="getState" visibility="public" complexity="1" crap="2.00" count="0"/>
                <line num="133" type="stmt" count="0"/>
                <line num="139" type="method" name="setState" visibility="public" complexity="1" crap="2.00" count="0"/>
                <line num="141" type="stmt" count="0"/>
                <line num="142" type="stmt" count="0"/>
                <metrics loc="142" ncloc="79" classes="1" methods="12" coveredmethods="0" conditionals="0"
                         coveredconditionals="0" statements="18" coveredstatements="0" elements="30"
                         coveredelements="0"/>
            </file>
            <file name="/home/lukas/PhpstormProjects/asterisk_ari_lib/src/models/SetId.php">
                <class name="AriStasisApp\models\SetId" namespace="AriStasisApp\models" fullPackage="AriStasisApp"
                       package="AriStasisApp">
                    <metrics complexity="4" methods="4" coveredmethods="2" conditionals="0" coveredconditionals="0"
                             statements="6" coveredstatements="4" elements="10" coveredelements="6"/>
                </class>
                <line num="31" type="method" name="getGroup" visibility="public" complexity="1" crap="2.00" count="0"/>
                <line num="33" type="stmt" count="0"/>
                <line num="39" type="method" name="setGroup" visibility="public" complexity="1" crap="1" count="2"/>
                <line num="41" type="stmt" count="2"/>
                <line num="42" type="stmt" count="2"/>
                <line num="47" type="method" name="getUser" visibility="public" complexity="1" crap="2.00" count="0"/>
                <line num="49" type="stmt" count="0"/>
                <line num="55" type="method" name="setUser" visibility="public" complexity="1" crap="1" count="2"/>
                <line num="57" type="stmt" count="2"/>
                <line num="58" type="stmt" count="2"/>
                <metrics loc="58" ncloc="31" classes="1" methods="4" coveredmethods="2" conditionals="0"
                         coveredconditionals="0" statements="6" coveredstatements="4" elements="10"
                         coveredelements="6"/>
            </file>
            <file name="/home/lukas/PhpstormProjects/asterisk_ari_lib/src/models/Sound.php">
                <class name="AriStasisApp\models\Sound" namespace="AriStasisApp\models" fullPackage="AriStasisApp"
                       package="AriStasisApp">
                    <metrics complexity="6" methods="6" coveredmethods="6" conditionals="0" coveredconditionals="0"
                             statements="9" coveredstatements="9" elements="15" coveredelements="15"/>
                </class>
                <line num="38" type="method" name="getText" visibility="public" complexity="1" crap="1" count="1"/>
                <line num="40" type="stmt" count="1"/>
                <line num="46" type="method" name="setText" visibility="public" complexity="1" crap="1" count="2"/>
                <line num="48" type="stmt" count="2"/>
                <line num="49" type="stmt" count="2"/>
                <line num="54" type="method" name="getId" visibility="public" complexity="1" crap="1" count="1"/>
                <line num="56" type="stmt" count="1"/>
                <line num="62" type="method" name="setId" visibility="public" complexity="1" crap="1" count="2"/>
                <line num="64" type="stmt" count="2"/>
                <line num="65" type="stmt" count="2"/>
                <line num="70" type="method" name="getFormats" visibility="public" complexity="1" crap="1" count="2"/>
                <line num="72" type="stmt" count="2"/>
                <line num="78" type="method" name="setFormats" visibility="public" complexity="1" crap="1" count="2"/>
                <line num="80" type="stmt" count="2"/>
                <line num="81" type="stmt" count="2"/>
                <metrics loc="81" ncloc="43" classes="1" methods="6" coveredmethods="6" conditionals="0"
                         coveredconditionals="0" statements="9" coveredstatements="9" elements="15"
                         coveredelements="15"/>
            </file>
            <file name="/home/lukas/PhpstormProjects/asterisk_ari_lib/src/models/StatusInfo.php">
                <class name="AriStasisApp\models\StatusInfo" namespace="AriStasisApp\models" fullPackage="AriStasisApp"
                       package="AriStasisApp">
                    <metrics complexity="4" methods="4" coveredmethods="2" conditionals="0" coveredconditionals="0"
                             statements="6" coveredstatements="4" elements="10" coveredelements="6"/>
                </class>
                <line num="31" type="method" name="getLastReloadTime" visibility="public" complexity="1" crap="2.00"
                      count="0"/>
                <line num="33" type="stmt" count="0"/>
                <line num="39" type="method" name="setLastReloadTime" visibility="public" complexity="1" crap="1"
                      count="1"/>
                <line num="41" type="stmt" count="1"/>
                <line num="42" type="stmt" count="1"/>
                <line num="47" type="method" name="getStartupTime" visibility="public" complexity="1" crap="2.00"
                      count="0"/>
                <line num="49" type="stmt" count="0"/>
                <line num="55" type="method" name="setStartupTime" visibility="public" complexity="1" crap="1"
                      count="1"/>
                <line num="57" type="stmt" count="1"/>
                <line num="58" type="stmt" count="1"/>
                <metrics loc="58" ncloc="31" classes="1" methods="4" coveredmethods="2" conditionals="0"
                         coveredconditionals="0" statements="6" coveredstatements="4" elements="10"
                         coveredelements="6"/>
            </file>
            <file name="/home/lukas/PhpstormProjects/asterisk_ari_lib/src/models/StoredRecording.php">
                <class name="AriStasisApp\models\StoredRecording" namespace="AriStasisApp\models"
                       fullPackage="AriStasisApp" package="AriStasisApp">
                    <metrics complexity="4" methods="4" coveredmethods="0" conditionals="0" coveredconditionals="0"
                             statements="6" coveredstatements="0" elements="10" coveredelements="0"/>
                </class>
                <line num="31" type="method" name="getName" visibility="public" complexity="1" crap="2.00" count="0"/>
                <line num="33" type="stmt" count="0"/>
                <line num="39" type="method" name="setName" visibility="public" complexity="1" crap="2.00" count="0"/>
                <line num="41" type="stmt" count="0"/>
                <line num="42" type="stmt" count="0"/>
                <line num="47" type="method" name="getFormat" visibility="public" complexity="1" crap="2.00" count="0"/>
                <line num="49" type="stmt" count="0"/>
                <line num="55" type="method" name="setFormat" visibility="public" complexity="1" crap="2.00" count="0"/>
                <line num="57" type="stmt" count="0"/>
                <line num="58" type="stmt" count="0"/>
                <metrics loc="58" ncloc="31" classes="1" methods="4" coveredmethods="0" conditionals="0"
                         coveredconditionals="0" statements="6" coveredstatements="0" elements="10"
                         coveredelements="0"/>
            </file>
            <file name="/home/lukas/PhpstormProjects/asterisk_ari_lib/src/models/SystemInfo.php">
                <class name="AriStasisApp\models\SystemInfo" namespace="AriStasisApp\models" fullPackage="AriStasisApp"
                       package="AriStasisApp">
                    <metrics complexity="4" methods="4" coveredmethods="2" conditionals="0" coveredconditionals="0"
                             statements="6" coveredstatements="4" elements="10" coveredelements="6"/>
                </class>
                <line num="31" type="method" name="getEntityId" visibility="public" complexity="1" crap="2.00"
                      count="0"/>
                <line num="33" type="stmt" count="0"/>
                <line num="39" type="method" name="setEntityId" visibility="public" complexity="1" crap="1" count="1"/>
                <line num="41" type="stmt" count="1"/>
                <line num="42" type="stmt" count="1"/>
                <line num="47" type="method" name="getVersion" visibility="public" complexity="1" crap="2.00"
                      count="0"/>
                <line num="49" type="stmt" count="0"/>
                <line num="55" type="method" name="setVersion" visibility="public" complexity="1" crap="1" count="1"/>
                <line num="57" type="stmt" count="1"/>
                <line num="58" type="stmt" count="1"/>
                <metrics loc="58" ncloc="31" classes="1" methods="4" coveredmethods="2" conditionals="0"
                         coveredconditionals="0" statements="6" coveredstatements="4" elements="10"
                         coveredelements="6"/>
            </file>
            <file name="/home/lukas/PhpstormProjects/asterisk_ari_lib/src/models/TextMessage.php">
                <class name="AriStasisApp\models\TextMessage" namespace="AriStasisApp\models" fullPackage="AriStasisApp"
                       package="AriStasisApp">
                    <metrics complexity="8" methods="8" coveredmethods="0" conditionals="0" coveredconditionals="0"
                             statements="12" coveredstatements="0" elements="20" coveredelements="0"/>
                </class>
                <line num="44" type="method" name="getBody" visibility="public" complexity="1" crap="2.00" count="0"/>
                <line num="46" type="stmt" count="0"/>
                <line num="52" type="method" name="setBody" visibility="public" complexity="1" crap="2.00" count="0"/>
                <line num="54" type="stmt" count="0"/>
                <line num="55" type="stmt" count="0"/>
                <line num="60" type="method" name="getTo" visibility="public" complexity="1" crap="2.00" count="0"/>
                <line num="62" type="stmt" count="0"/>
                <line num="68" type="method" name="setTo" visibility="public" complexity="1" crap="2.00" count="0"/>
                <line num="70" type="stmt" count="0"/>
                <line num="71" type="stmt" count="0"/>
                <line num="76" type="method" name="getVariables" visibility="public" complexity="1" crap="2.00"
                      count="0"/>
                <line num="78" type="stmt" count="0"/>
                <line num="84" type="method" name="setVariables" visibility="public" complexity="1" crap="2.00"
                      count="0"/>
                <line num="86" type="stmt" count="0"/>
                <line num="87" type="stmt" count="0"/>
                <line num="92" type="method" name="getFrom" visibility="public" complexity="1" crap="2.00" count="0"/>
                <line num="94" type="stmt" count="0"/>
                <line num="100" type="method" name="setFrom" visibility="public" complexity="1" crap="2.00" count="0"/>
                <line num="102" type="stmt" count="0"/>
                <line num="103" type="stmt" count="0"/>
                <metrics loc="103" ncloc="55" classes="1" methods="8" coveredmethods="0" conditionals="0"
                         coveredconditionals="0" statements="12" coveredstatements="0" elements="20"
                         coveredelements="0"/>
            </file>
            <file name="/home/lukas/PhpstormProjects/asterisk_ari_lib/src/models/TextMessageVariable.php">
                <class name="AriStasisApp\models\TextMessageVariable" namespace="AriStasisApp\models"
                       fullPackage="AriStasisApp" package="AriStasisApp">
                    <metrics complexity="4" methods="4" coveredmethods="0" conditionals="0" coveredconditionals="0"
                             statements="6" coveredstatements="0" elements="10" coveredelements="0"/>
                </class>
                <line num="31" type="method" name="getValue" visibility="public" complexity="1" crap="2.00" count="0"/>
                <line num="33" type="stmt" count="0"/>
                <line num="39" type="method" name="setValue" visibility="public" complexity="1" crap="2.00" count="0"/>
                <line num="41" type="stmt" count="0"/>
                <line num="42" type="stmt" count="0"/>
                <line num="47" type="method" name="getKey" visibility="public" complexity="1" crap="2.00" count="0"/>
                <line num="49" type="stmt" count="0"/>
                <line num="55" type="method" name="setKey" visibility="public" complexity="1" crap="2.00" count="0"/>
                <line num="57" type="stmt" count="0"/>
                <line num="58" type="stmt" count="0"/>
                <metrics loc="58" ncloc="31" classes="1" methods="4" coveredmethods="0" conditionals="0"
                         coveredconditionals="0" statements="6" coveredstatements="0" elements="10"
                         coveredelements="0"/>
            </file>
            <file name="/home/lukas/PhpstormProjects/asterisk_ari_lib/src/models/Variable.php">
                <class name="AriStasisApp\models\Variable" namespace="AriStasisApp\models" fullPackage="AriStasisApp"
                       package="AriStasisApp">
                    <metrics complexity="2" methods="2" coveredmethods="0" conditionals="0" coveredconditionals="0"
                             statements="3" coveredstatements="0" elements="5" coveredelements="0"/>
                </class>
                <line num="26" type="method" name="getValue" visibility="public" complexity="1" crap="2.00" count="0"/>
                <line num="28" type="stmt" count="0"/>
                <line num="34" type="method" name="setValue" visibility="public" complexity="1" crap="2.00" count="0"/>
                <line num="36" type="stmt" count="0"/>
                <line num="37" type="stmt" count="0"/>
                <metrics loc="37" ncloc="19" classes="1" methods="2" coveredmethods="0" conditionals="0"
                         coveredconditionals="0" statements="3" coveredstatements="0" elements="5" coveredelements="0"/>
            </file>
        </package>
        <package name="AriStasisApp\models\messages">
            <file name="/home/lukas/PhpstormProjects/asterisk_ari_lib/src/models/messages/ApplicationReplaced.php">
                <class name="AriStasisApp\models\messages\ApplicationReplaced" namespace="AriStasisApp\models\messages"
                       fullPackage="AriStasisApp" package="AriStasisApp">
                    <metrics complexity="0" methods="0" coveredmethods="0" conditionals="0" coveredconditionals="0"
                             statements="0" coveredstatements="0" elements="0" coveredelements="0"/>
                </class>
                <metrics loc="20" ncloc="8" classes="0" methods="0" coveredmethods="0" conditionals="0"
                         coveredconditionals="0" statements="0" coveredstatements="0" elements="0" coveredelements="0"/>
            </file>
            <file name="/home/lukas/PhpstormProjects/asterisk_ari_lib/src/models/messages/BridgeAttendedTransfer.php">
                <class name="AriStasisApp\models\messages\BridgeAttendedTransfer"
                       namespace="AriStasisApp\models\messages" fullPackage="AriStasisApp" package="AriStasisApp">
                    <metrics complexity="32" methods="32" coveredmethods="0" conditionals="0" coveredconditionals="0"
                             statements="48" coveredstatements="0" elements="80" coveredelements="0"/>
                </class>
                <line num="104" type="method" name="getReplaceChannel" visibility="public" complexity="1" crap="2.00"
                      count="0"/>
                <line num="106" type="stmt" count="0"/>
                <line num="112" type="method" name="setReplaceChannel" visibility="public" complexity="1" crap="2.00"
                      count="0"/>
                <line num="114" type="stmt" count="0"/>
                <line num="115" type="stmt" count="0"/>
                <line num="120" type="method" name="isExternal" visibility="public" complexity="1" crap="2.00"
                      count="0"/>
                <line num="122" type="stmt" count="0"/>
                <line num="128" type="method" name="setIsExternal" visibility="public" complexity="1" crap="2.00"
                      count="0"/>
                <line num="130" type="stmt" count="0"/>
                <line num="131" type="stmt" count="0"/>
                <line num="136" type="method" name="getTransfererSecondLegBridge" visibility="public" complexity="1"
                      crap="2.00" count="0"/>
                <line num="138" type="stmt" count="0"/>
                <line num="144" type="method" name="setTransfererSecondLegBridge" visibility="public" complexity="1"
                      crap="2.00" count="0"/>
                <line num="146" type="stmt" count="0"/>
                <line num="147" type="stmt" count="0"/>
                <line num="152" type="method" name="getDestinationBridge" visibility="public" complexity="1" crap="2.00"
                      count="0"/>
                <line num="154" type="stmt" count="0"/>
                <line num="160" type="method" name="setDestinationBridge" visibility="public" complexity="1" crap="2.00"
                      count="0"/>
                <line num="162" type="stmt" count="0"/>
                <line num="163" type="stmt" count="0"/>
                <line num="168" type="method" name="getTransfererSecondLeg" visibility="public" complexity="1"
                      crap="2.00" count="0"/>
                <line num="170" type="stmt" count="0"/>
                <line num="176" type="method" name="setTransfererSecondLeg" visibility="public" complexity="1"
                      crap="2.00" count="0"/>
                <line num="178" type="stmt" count="0"/>
                <line num="179" type="stmt" count="0"/>
                <line num="184" type="method" name="getDestinationLinkSecondLeg" visibility="public" complexity="1"
                      crap="2.00" count="0"/>
                <line num="186" type="stmt" count="0"/>
                <line num="192" type="method" name="setDestinationLinkSecondLeg" visibility="public" complexity="1"
                      crap="2.00" count="0"/>
                <line num="194" type="stmt" count="0"/>
                <line num="195" type="stmt" count="0"/>
                <line num="200" type="method" name="getDestinationThreewayChannel" visibility="public" complexity="1"
                      crap="2.00" count="0"/>
                <line num="202" type="stmt" count="0"/>
                <line num="208" type="method" name="setDestinationThreewayChannel" visibility="public" complexity="1"
                      crap="2.00" count="0"/>
                <line num="210" type="stmt" count="0"/>
                <line num="211" type="stmt" count="0"/>
                <line num="216" type="method" name="getTransferTarget" visibility="public" complexity="1" crap="2.00"
                      count="0"/>
                <line num="218" type="stmt" count="0"/>
                <line num="224" type="method" name="setTransferTarget" visibility="public" complexity="1" crap="2.00"
                      count="0"/>
                <line num="226" type="stmt" count="0"/>
                <line num="227" type="stmt" count="0"/>
                <line num="232" type="method" name="getResult" visibility="public" complexity="1" crap="2.00"
                      count="0"/>
                <line num="234" type="stmt" count="0"/>
                <line num="240" type="method" name="setResult" visibility="public" complexity="1" crap="2.00"
                      count="0"/>
                <line num="242" type="stmt" count="0"/>
                <line num="243" type="stmt" count="0"/>
                <line num="248" type="method" name="getDestinationType" visibility="public" complexity="1" crap="2.00"
                      count="0"/>
                <line num="250" type="stmt" count="0"/>
                <line num="256" type="method" name="setDestinationType" visibility="public" complexity="1" crap="2.00"
                      count="0"/>
                <line num="258" type="stmt" count="0"/>
                <line num="259" type="stmt" count="0"/>
                <line num="264" type="method" name="getDestinationApplication" visibility="public" complexity="1"
                      crap="2.00" count="0"/>
                <line num="266" type="stmt" count="0"/>
                <line num="272" type="method" name="setDestinationApplication" visibility="public" complexity="1"
                      crap="2.00" count="0"/>
                <line num="274" type="stmt" count="0"/>
                <line num="275" type="stmt" count="0"/>
                <line num="280" type="method" name="getDestinationThreewayBridge" visibility="public" complexity="1"
                      crap="2.00" count="0"/>
                <line num="282" type="stmt" count="0"/>
                <line num="288" type="method" name="setDestinationThreewayBridge" visibility="public" complexity="1"
                      crap="2.00" count="0"/>
                <line num="290" type="stmt" count="0"/>
                <line num="291" type="stmt" count="0"/>
                <line num="296" type="method" name="getDestinationLinkFirstLeg" visibility="public" complexity="1"
                      crap="2.00" count="0"/>
                <line num="298" type="stmt" count="0"/>
                <line num="304" type="method" name="setDestinationLinkFirstLeg" visibility="public" complexity="1"
                      crap="2.00" count="0"/>
                <line num="306" type="stmt" count="0"/>
                <line num="307" type="stmt" count="0"/>
                <line num="312" type="method" name="getTransferee" visibility="public" complexity="1" crap="2.00"
                      count="0"/>
                <line num="314" type="stmt" count="0"/>
                <line num="320" type="method" name="setTransferee" visibility="public" complexity="1" crap="2.00"
                      count="0"/>
                <line num="322" type="stmt" count="0"/>
                <line num="323" type="stmt" count="0"/>
                <line num="328" type="method" name="getTransfererFirstLeg" visibility="public" complexity="1"
                      crap="2.00" count="0"/>
                <line num="330" type="stmt" count="0"/>
                <line num="336" type="method" name="setTransfererFirstLeg" visibility="public" complexity="1"
                      crap="2.00" count="0"/>
                <line num="338" type="stmt" count="0"/>
                <line num="339" type="stmt" count="0"/>
                <line num="344" type="method" name="getTransfererFirstLegBridge" visibility="public" complexity="1"
                      crap="2.00" count="0"/>
                <line num="346" type="stmt" count="0"/>
                <line num="352" type="method" name="setTransfererFirstLegBridge" visibility="public" complexity="1"
                      crap="2.00" count="0"/>
                <line num="354" type="stmt" count="0"/>
                <line num="355" type="stmt" count="0"/>
                <metrics loc="355" ncloc="202" classes="1" methods="32" coveredmethods="0" conditionals="0"
                         coveredconditionals="0" statements="48" coveredstatements="0" elements="80"
                         coveredelements="0"/>
            </file>
            <file name="/home/lukas/PhpstormProjects/asterisk_ari_lib/src/models/messages/BridgeBlindTransfer.php">
                <class name="AriStasisApp\models\messages\BridgeBlindTransfer" namespace="AriStasisApp\models\messages"
                       fullPackage="AriStasisApp" package="AriStasisApp">
                    <metrics complexity="16" methods="16" coveredmethods="0" conditionals="0" coveredconditionals="0"
                             statements="24" coveredstatements="0" elements="40" coveredelements="0"/>
                </class>
                <line num="64" type="method" name="getBridge" visibility="public" complexity="1" crap="2.00" count="0"/>
                <line num="66" type="stmt" count="0"/>
                <line num="72" type="method" name="setBridge" visibility="public" complexity="1" crap="2.00" count="0"/>
                <line num="74" type="stmt" count="0"/>
                <line num="75" type="stmt" count="0"/>
                <line num="80" type="method" name="getReplaceChannel" visibility="public" complexity="1" crap="2.00"
                      count="0"/>
                <line num="82" type="stmt" count="0"/>
                <line num="88" type="method" name="setReplaceChannel" visibility="public" complexity="1" crap="2.00"
                      count="0"/>
                <line num="90" type="stmt" count="0"/>
                <line num="91" type="stmt" count="0"/>
                <line num="96" type="method" name="isExternal" visibility="public" complexity="1" crap="2.00"
                      count="0"/>
[...]
                <line num="49" type="stmt" count="0"/>
                <line num="50" type="stmt" count="0"/>
                <line num="56" type="method" name="delete" complexity="1" crap="2.00" count="0"/>
                <line num="58" type="stmt" count="0"/>
                <line num="59" type="stmt" count="0"/>
                <metrics loc="59" ncloc="31" classes="1" methods="4" coveredmethods="0" conditionals="0"
                         coveredconditionals="0" statements="7" coveredstatements="0" elements="11"
                         coveredelements="0"/>
            </file>
            <file name="/home/lukas/PhpstormProjects/asterisk_ari_lib/src/rest_clients/Endpoints.php">
                <class name="AriStasisApp\rest_clients\Endpoints" namespace="AriStasisApp\rest_clients"
                       fullPackage="AriStasisApp" package="AriStasisApp">
                    <metrics complexity="5" methods="5" coveredmethods="0" conditionals="0" coveredconditionals="0"
                             statements="8" coveredstatements="0" elements="13" coveredelements="0"/>
                </class>
                <line num="24" type="method" name="list" complexity="1" crap="2.00" count="0"/>
                <line num="26" type="stmt" count="0"/>
                <line num="37" type="method" name="sendMessage" complexity="1" crap="2.00" count="0"/>
                <line num="39" type="stmt" count="0"/>
                <line num="40" type="stmt" count="0"/>
                <line num="47" type="method" name="listByTech" complexity="1" crap="2.00" count="0"/>
                <line num="49" type="stmt" count="0"/>
                <line num="59" type="method" name="get" complexity="1" crap="2.00" count="0"/>
                <line num="61" type="stmt" count="0"/>
                <line num="62" type="stmt" count="0"/>
                <line num="74" type="method" name="sendMessageToEndpoint" complexity="1" crap="2.00" count="0"/>
                <line num="76" type="stmt" count="0"/>
                <line num="77" type="stmt" count="0"/>
                <metrics loc="77" ncloc="35" classes="1" methods="5" coveredmethods="0" conditionals="0"
                         coveredconditionals="0" statements="8" coveredstatements="0" elements="13"
                         coveredelements="0"/>
            </file>
            <file name="/home/lukas/PhpstormProjects/asterisk_ari_lib/src/rest_clients/Events.php">
                <class name="AriStasisApp\rest_clients\Events" namespace="AriStasisApp\rest_clients"
                       fullPackage="AriStasisApp" package="AriStasisApp">
                    <metrics complexity="4" methods="1" coveredmethods="0" conditionals="0" coveredconditionals="0"
                             statements="10" coveredstatements="0" elements="11" coveredelements="0"/>
                </class>
                <line num="35" type="method" name="userEvent" visibility="public" complexity="4" crap="20.00"
                      count="0"/>
                <line num="37" type="stmt" count="0"/>
                <line num="38" type="stmt" count="0"/>
                <line num="40" type="stmt" count="0"/>
                <line num="41" type="stmt" count="0"/>
                <line num="44" type="stmt" count="0"/>
                <line num="45" type="stmt" count="0"/>
                <line num="46" type="stmt" count="0"/>
                <line num="47" type="stmt" count="0"/>
                <line num="50" type="stmt" count="0"/>
                <line num="51" type="stmt" count="0"/>
                <metrics loc="51" ncloc="27" classes="1" methods="1" coveredmethods="0" conditionals="0"
                         coveredconditionals="0" statements="10" coveredstatements="0" elements="11"
                         coveredelements="0"/>
            </file>
            <file name="/home/lukas/PhpstormProjects/asterisk_ari_lib/src/rest_clients/Mailboxes.php">
                <class name="AriStasisApp\rest_clients\Mailboxes" namespace="AriStasisApp\rest_clients"
                       fullPackage="AriStasisApp" package="AriStasisApp">
                    <metrics complexity="4" methods="4" coveredmethods="0" conditionals="0" coveredconditionals="0"
                             statements="8" coveredstatements="0" elements="12" coveredelements="0"/>
                </class>
                <line num="24" type="method" name="list" complexity="1" crap="2.00" count="0"/>
                <line num="26" type="stmt" count="0"/>
                <line num="35" type="method" name="get" complexity="1" crap="2.00" count="0"/>
                <line num="37" type="stmt" count="0"/>
                <line num="38" type="stmt" count="0"/>
                <line num="48" type="method" name="update" complexity="1" crap="2.00" count="0"/>
                <line num="50" type="stmt" count="0"/>
                <line num="51" type="stmt" count="0"/>
                <line num="52" type="stmt" count="0"/>
                <line num="58" type="method" name="delete" complexity="1" crap="2.00" count="0"/>
                <line num="60" type="stmt" count="0"/>
                <line num="61" type="stmt" count="0"/>
                <metrics loc="61" ncloc="32" classes="1" methods="4" coveredmethods="0" conditionals="0"
                         coveredconditionals="0" statements="8" coveredstatements="0" elements="12"
                         coveredelements="0"/>
            </file>
            <file name="/home/lukas/PhpstormProjects/asterisk_ari_lib/src/rest_clients/Playbacks.php">
                <class name="AriStasisApp\rest_clients\Playbacks" namespace="AriStasisApp\rest_clients"
                       fullPackage="AriStasisApp" package="AriStasisApp">
                    <metrics complexity="3" methods="3" coveredmethods="0" conditionals="0" coveredconditionals="0"
                             statements="6" coveredstatements="0" elements="9" coveredelements="0"/>
                </class>
                <line num="26" type="method" name="get" complexity="1" crap="2.00" count="0"/>
                <line num="28" type="stmt" count="0"/>
                <line num="29" type="stmt" count="0"/>
                <line num="36" type="method" name="stop" complexity="1" crap="2.00" count="0"/>
                <line num="38" type="stmt" count="0"/>
                <line num="39" type="stmt" count="0"/>
                <line num="46" type="method" name="control" complexity="1" crap="2.00" count="0"/>
                <line num="48" type="stmt" count="0"/>
                <line num="49" type="stmt" count="0"/>
                <metrics loc="49" ncloc="25" classes="1" methods="3" coveredmethods="0" conditionals="0"
                         coveredconditionals="0" statements="6" coveredstatements="0" elements="9" coveredelements="0"/>
            </file>
            <file name="/home/lukas/PhpstormProjects/asterisk_ari_lib/src/rest_clients/Recordings.php">
                <class name="AriStasisApp\rest_clients\Recordings" namespace="AriStasisApp\rest_clients"
                       fullPackage="AriStasisApp" package="AriStasisApp">
                    <metrics complexity="12" methods="12" coveredmethods="0" conditionals="0" coveredconditionals="0"
                             statements="23" coveredstatements="0" elements="35" coveredelements="0"/>
                </class>
                <line num="25" type="method" name="listStored" complexity="1" crap="2.00" count="0"/>
                <line num="27" type="stmt" count="0"/>
                <line num="36" type="method" name="getStored" complexity="1" crap="2.00" count="0"/>
                <line num="38" type="stmt" count="0"/>
                <line num="39" type="stmt" count="0"/>
                <line num="47" type="method" name="deleteStored" complexity="1" crap="2.00" count="0"/>
                <line num="49" type="stmt" count="0"/>
                <line num="50" type="stmt" count="0"/>
                <line num="60" type="method" name="getStoredFile" complexity="1" crap="2.00" count="0"/>
                <line num="62" type="stmt" count="0"/>
                <line num="72" type="method" name="copyStored" complexity="1" crap="2.00" count="0"/>
                <line num="74" type="stmt" count="0"/>
                <line num="75" type="stmt" count="0"/>
                <line num="76" type="stmt" count="0"/>
                <line num="85" type="method" name="getLive" complexity="1" crap="2.00" count="0"/>
                <line num="87" type="stmt" count="0"/>
                <line num="88" type="stmt" count="0"/>
                <line num="95" type="method" name="cancel" complexity="1" crap="2.00" count="0"/>
                <line num="97" type="stmt" count="0"/>
                <line num="98" type="stmt" count="0"/>
                <line num="104" type="method" name="stop" complexity="1" crap="2.00" count="0"/>
                <line num="106" type="stmt" count="0"/>
                <line num="107" type="stmt" count="0"/>
                <line num="113" type="method" name="pause" complexity="1" crap="2.00" count="0"/>
                <line num="115" type="stmt" count="0"/>
                <line num="116" type="stmt" count="0"/>
                <line num="122" type="method" name="unpause" complexity="1" crap="2.00" count="0"/>
                <line num="124" type="stmt" count="0"/>
                <line num="125" type="stmt" count="0"/>
                <line num="131" type="method" name="mute" complexity="1" crap="2.00" count="0"/>
                <line num="133" type="stmt" count="0"/>
                <line num="134" type="stmt" count="0"/>
                <line num="140" type="method" name="unmute" complexity="1" crap="2.00" count="0"/>
                <line num="142" type="stmt" count="0"/>
                <line num="143" type="stmt" count="0"/>
                <metrics loc="143" ncloc="74" classes="1" methods="12" coveredmethods="0" conditionals="0"
                         coveredconditionals="0" statements="23" coveredstatements="0" elements="35"
                         coveredelements="0"/>
            </file>
            <file name="/home/lukas/PhpstormProjects/asterisk_ari_lib/src/rest_clients/Sounds.php">
                <class name="AriStasisApp\rest_clients\Sounds" namespace="AriStasisApp\rest_clients"
                       fullPackage="AriStasisApp" package="AriStasisApp">
                    <metrics complexity="2" methods="2" coveredmethods="2" conditionals="0" coveredconditionals="0"
                             statements="10" coveredstatements="10" elements="12" coveredelements="12"/>
                </class>
                <line num="26" type="method" name="list" complexity="1" crap="1" count="1"/>
                <line num="28" type="stmt" count="1"/>
                <line num="29" type="stmt" count="1"/>
                <line num="30" type="stmt" count="1"/>
                <line num="31" type="stmt" count="1"/>
                <line num="32" type="stmt" count="1"/>
                <line num="41" type="method" name="get" complexity="1" crap="1" count="2"/>
                <line num="43" type="stmt" count="2"/>
                <line num="44" type="stmt" count="2"/>
                <line num="45" type="stmt" count="1"/>
                <line num="46" type="stmt" count="1"/>
                <line num="47" type="stmt" count="1"/>
                <metrics loc="49" ncloc="31" classes="1" methods="2" coveredmethods="2" conditionals="0"
                         coveredconditionals="0" statements="10" coveredstatements="10" elements="12"
                         coveredelements="12"/>
            </file>
        </package>
        <package name="AriStasisApp\websocket_client">
            <file name="/home/lukas/PhpstormProjects/asterisk_ari_lib/src/websocket_client/LocalAppMessageHandler.php">
                <class name="AriStasisApp\websocket_client\LocalAppMessageHandler"
                       namespace="AriStasisApp\websocket_client">
                    <metrics complexity="7" methods="5" coveredmethods="0" conditionals="0" coveredconditionals="0"
                             statements="22" coveredstatements="0" elements="27" coveredelements="0"/>
                </class>
                <line num="45" type="method" name="__construct" complexity="1" crap="2.00" count="0"/>
                <line num="47" type="stmt" count="0"/>
                <line num="48" type="stmt" count="0"/>
                <line num="49" type="stmt" count="0"/>
                <line num="50" type="stmt" count="0"/>
                <line num="55" type="method" name="onConnection" visibility="public" complexity="1" crap="2.00"
                      count="0"/>
                <line num="57" type="stmt" count="0"/>
                <line num="58" type="stmt" count="0"/>
                <line num="64" type="method" name="onMessage" visibility="public" complexity="3" crap="12.00"
                      count="0"/>
                <line num="66" type="stmt" count="0"/>
                <line num="68" type="stmt" count="0"/>
                <line num="69" type="stmt" count="0"/>
                <line num="72" type="stmt" count="0"/>
                <line num="74" type="stmt" count="0"/>
                <line num="75" type="stmt" count="0"/>
                <line num="76" type="stmt" count="0"/>
                <line num="79" type="stmt" count="0"/>
                <line num="81" type="stmt" count="0"/>
                <line num="83" type="stmt" count="0"/>
                <line num="84" type="stmt" count="0"/>
                <line num="86" type="stmt" count="0"/>
                <line num="91" type="method" name="onDisconnect" visibility="public" complexity="1" crap="2.00"
                      count="0"/>
                <line num="93" type="stmt" count="0"/>
                <line num="94" type="stmt" count="0"/>
                <line num="101" type="method" name="onError" visibility="public" complexity="1" crap="2.00" count="0"/>
                <line num="103" type="stmt" count="0"/>
                <line num="104" type="stmt" count="0"/>
                <metrics loc="105" ncloc="69" classes="1" methods="5" coveredmethods="0" conditionals="0"
                         coveredconditionals="0" statements="22" coveredstatements="0" elements="27"
                         coveredelements="0"/>
            </file>
            <file name="/home/lukas/PhpstormProjects/asterisk_ari_lib/src/websocket_client/WebHookMessageHandler.php">
                <class name="AriStasisApp\websocket_client\WebHookMessageHandler"
                       namespace="AriStasisApp\websocket_client" fullPackage="AriStasisApp" package="AriStasisApp">
                    <metrics complexity="7" methods="5" coveredmethods="0" conditionals="0" coveredconditionals="0"
                             statements="22" coveredstatements="0" elements="27" coveredelements="0"/>
                </class>
                <line num="44" type="method" name="__construct" complexity="2" crap="6.00" count="0"/>
                <line num="46" type="stmt" count="0"/>
                <line num="47" type="stmt" count="0"/>
                <line num="49" type="stmt" count="0"/>
                <line num="50" type="stmt" count="0"/>
                <line num="52" type="stmt" count="0"/>
                <line num="55" type="stmt" count="0"/>
                <line num="56" type="stmt" count="0"/>
                <line num="58" type="stmt" count="0"/>
                <line num="66" type="stmt" count="0"/>
                <line num="67" type="stmt" count="0"/>
                <line num="73" type="method" name="onConnection" visibility="public" complexity="1" crap="2.00"
                      count="0"/>
                <line num="75" type="stmt" count="0"/>
                <line num="76" type="stmt" count="0"/>
                <line num="83" type="method" name="onMessage" visibility="public" complexity="2" crap="6.00" count="0"/>
                <line num="85" type="stmt" count="0"/>
                <line num="88" type="stmt" count="0"/>
                <line num="89" type="stmt" count="0"/>
                <line num="90" type="stmt" count="0"/>
                <line num="93" type="stmt" count="0"/>
                <line num="94" type="stmt" count="0"/>
                <line num="100" type="method" name="onDisconnect" visibility="public" complexity="1" crap="2.00"
                      count="0"/>
                <line num="102" type="stmt" count="0"/>
                <line num="103" type="stmt" count="0"/>
                <line num="111" type="method" name="onError" visibility="public" complexity="1" crap="2.00" count="0"/>
                <line num="113" type="stmt" count="0"/>
                <line num="114" type="stmt" count="0"/>
                <metrics loc="115" ncloc="72" classes="1" methods="5" coveredmethods="0" conditionals="0"
                         coveredconditionals="0" statements="22" coveredstatements="0" elements="27"
                         coveredelements="0"/>
            </file>
            <file name="/home/lukas/PhpstormProjects/asterisk_ari_lib/src/websocket_client/WebSocketClient.php">
                <class name="AriStasisApp\websocket_client\WebSocketClient" namespace="AriStasisApp\websocket_client"
                       fullPackage="AriStasisApp" package="AriStasisApp">
                    <metrics complexity="7" methods="3" coveredmethods="0" conditionals="0" coveredconditionals="0"
                             statements="26" coveredstatements="0" elements="29" coveredelements="0"/>
                </class>
                <line num="46" type="method" name="__construct" complexity="3" crap="12.00" count="0"/>
                <line num="48" type="stmt" count="0"/>
                <line num="58" type="stmt" count="0"/>
                <line num="61" type="stmt" count="0"/>
                <line num="62" type="stmt" count="0"/>
                <line num="63" type="stmt" count="0"/>
                <line num="64" type="stmt" count="0"/>
                <line num="65" type="stmt" count="0"/>
                <line num="66" type="stmt" count="0"/>
                <line num="69" type="stmt" count="0"/>
                <line num="70" type="stmt" count="0"/>
                <line num="71" type="stmt" count="0"/>
                <line num="72" type="stmt" count="0"/>
                <line num="73" type="stmt" count="0"/>
                <line num="74" type="stmt" count="0"/>
                <line num="75" type="stmt" count="0"/>
                <line num="76" type="stmt" count="0"/>
                <line num="83" type="method" name="runWithLocalApp" complexity="2" crap="6.00" count="0"/>
                <line num="86" type="stmt" count="0"/>
                <line num="87" type="stmt" count="0"/>
                <line num="88" type="stmt" count="0"/>
                <line num="89" type="stmt" count="0"/>
                <line num="91" type="stmt" count="0"/>
                <line num="98" type="method" name="runWithWebHook" complexity="2" crap="6.00" count="0"/>
                <line num="100" type="stmt" count="0"/>
                <line num="101" type="stmt" count="0"/>
                <line num="102" type="stmt" count="0"/>
                <line num="103" type="stmt" count="0"/>
                <line num="105" type="stmt" count="0"/>
                <metrics loc="105" ncloc="59" classes="1" methods="3" coveredmethods="0" conditionals="0"
                         coveredconditionals="0" statements="26" coveredstatements="0" elements="29"
                         coveredelements="0"/>
            </file>
        </package>
        <metrics files="84" loc="7618" ncloc="4181" classes="81" methods="498" coveredmethods="38" conditionals="0"
                 coveredconditionals="0" statements="1034" coveredstatements="133" elements="1532"
                 coveredelements="171"/>
    </project>
</coverage>
